[2021-10-25 18:35:06,187] multiqc                                            [DEBUG  ]  No MultiQC config found: /usr/local/lib/python3.6/dist-packages/multiqc_config.yaml
[2021-10-25 18:35:06,187] multiqc                                            [DEBUG  ]  No MultiQC config found: /home/aazinov/.multiqc_config.yaml
[2021-10-25 18:35:06,187] multiqc                                            [DEBUG  ]  No MultiQC config found: multiqc_config.yaml
[2021-10-25 18:35:06,187] multiqc                                            [DEBUG  ]  Command used: /usr/local/bin/multiqc -o multiqc fastqc
[2021-10-25 18:35:06,573] multiqc                                            [WARNING]  MultiQC Version v1.11 now available!
[2021-10-25 18:35:06,573] multiqc                                            [INFO   ]  This is MultiQC v1.10.dev0
[2021-10-25 18:35:06,574] multiqc                                            [DEBUG  ]  Command     : /usr/local/bin/multiqc -o multiqc fastqc
[2021-10-25 18:35:06,574] multiqc                                            [DEBUG  ]  Working dir : /home/aazinov
[2021-10-25 18:35:06,574] multiqc                                            [INFO   ]  Template    : default
[2021-10-25 18:35:06,574] multiqc                                            [DEBUG  ]  Running Python 3.6.9 (default, Jan 26 2021, 15:33:00)  [GCC 8.4.0]
[2021-10-25 18:35:06,574] multiqc                                            [INFO   ]  Searching   : /home/aazinov/fastqc
[2021-10-25 18:35:06,574] multiqc                                            [DEBUG  ]  Analysing modules: custom_content, conpair, peddy, somalier, methylQA, mosdepth, phantompeakqualtools, qualimap, preseq, quast, qorts, rna_seqc, rockhopper, rsem, rseqc, busco, goleft_indexcov, disambiguate, supernova, deeptools, sargasso, verifybamid, mirtrace, happy, mirtop, homer, hops, macs2, theta2, snpeff, gatk, htseq, bcftools, featureCounts, fgbio, dragen, dedup, damageprofiler, biobambam2, mtnucratio, picard, prokka, samblaster, samtools, sexdeterrmine, bamtools, jellyfish, vcftools, longranger, stacks, varscan2, bbmap, bismark, biscuit, hicexplorer, pairtools, hicup, hicpro, salmon, kallisto, slamdunk, star, hisat2, tophat, bowtie2, bowtie1, snpsplit, kat, leehom, adapterRemoval, clipandmerge, cutadapt, flexbar, kaiju, kraken, malt, trimmomatic, sickle, skewer, sortmerna, biobloomtools, fastq_screen, afterqc, fastp, fastqc, pycoqc, minionqc, multivcfanalyzer, clusterflow, bcl2fastq, interop, ivar, flash, seqyclean
[2021-10-25 18:35:06,574] multiqc                                            [DEBUG  ]  Using temporary directory for creating report: /tmp/tmpryru89ug
[2021-10-25 18:35:06,592] multiqc                                            [DEBUG  ]  File ignored by hicexplorer because it exceeded search pattern filesize limit: oil_R1_fastqc.html
[2021-10-25 18:35:06,594] multiqc                                            [DEBUG  ]  File ignored by longranger/invocation because it exceeded search pattern filesize limit: oil_R1_fastqc.html
[2021-10-25 18:35:06,594] multiqc                                            [DEBUG  ]  File ignored by rockhopper because it exceeded search pattern filesize limit: oil_R1_fastqc.html
[2021-10-25 18:35:06,594] multiqc                                            [DEBUG  ]  File ignored by rseqc/bam_stat because it exceeded search pattern filesize limit: oil_R1_fastqc.html
[2021-10-25 18:35:06,594] multiqc                                            [DEBUG  ]  File ignored by rseqc/junction_annotation because it exceeded search pattern filesize limit: oil_R1_fastqc.html
[2021-10-25 18:35:06,594] multiqc                                            [DEBUG  ]  File ignored by rseqc/read_distribution because it exceeded search pattern filesize limit: oil_R1_fastqc.html
[2021-10-25 18:35:06,594] multiqc                                            [DEBUG  ]  File ignored by rseqc/infer_experiment because it exceeded search pattern filesize limit: oil_R1_fastqc.html
[2021-10-25 18:35:06,656] multiqc                                            [DEBUG  ]  File ignored by hicexplorer because it exceeded search pattern filesize limit: oilMP_S4_L001_R2_001_fastqc.html
[2021-10-25 18:35:06,657] multiqc                                            [DEBUG  ]  File ignored by longranger/invocation because it exceeded search pattern filesize limit: oilMP_S4_L001_R2_001_fastqc.html
[2021-10-25 18:35:06,657] multiqc                                            [DEBUG  ]  File ignored by rockhopper because it exceeded search pattern filesize limit: oilMP_S4_L001_R2_001_fastqc.html
[2021-10-25 18:35:06,657] multiqc                                            [DEBUG  ]  File ignored by rseqc/bam_stat because it exceeded search pattern filesize limit: oilMP_S4_L001_R2_001_fastqc.html
[2021-10-25 18:35:06,657] multiqc                                            [DEBUG  ]  File ignored by rseqc/junction_annotation because it exceeded search pattern filesize limit: oilMP_S4_L001_R2_001_fastqc.html
[2021-10-25 18:35:06,657] multiqc                                            [DEBUG  ]  File ignored by rseqc/read_distribution because it exceeded search pattern filesize limit: oilMP_S4_L001_R2_001_fastqc.html
[2021-10-25 18:35:06,657] multiqc                                            [DEBUG  ]  File ignored by rseqc/infer_experiment because it exceeded search pattern filesize limit: oilMP_S4_L001_R2_001_fastqc.html
[2021-10-25 18:35:06,715] multiqc                                            [DEBUG  ]  File ignored by hicexplorer because it exceeded search pattern filesize limit: oil_R2_fastqc.html
[2021-10-25 18:35:06,716] multiqc                                            [DEBUG  ]  File ignored by longranger/invocation because it exceeded search pattern filesize limit: oil_R2_fastqc.html
[2021-10-25 18:35:06,716] multiqc                                            [DEBUG  ]  File ignored by rockhopper because it exceeded search pattern filesize limit: oil_R2_fastqc.html
[2021-10-25 18:35:06,716] multiqc                                            [DEBUG  ]  File ignored by rseqc/bam_stat because it exceeded search pattern filesize limit: oil_R2_fastqc.html
[2021-10-25 18:35:06,716] multiqc                                            [DEBUG  ]  File ignored by rseqc/junction_annotation because it exceeded search pattern filesize limit: oil_R2_fastqc.html
[2021-10-25 18:35:06,716] multiqc                                            [DEBUG  ]  File ignored by rseqc/read_distribution because it exceeded search pattern filesize limit: oil_R2_fastqc.html
[2021-10-25 18:35:06,716] multiqc                                            [DEBUG  ]  File ignored by rseqc/infer_experiment because it exceeded search pattern filesize limit: oil_R2_fastqc.html
[2021-10-25 18:35:06,766] multiqc                                            [DEBUG  ]  File ignored by hicexplorer because it exceeded search pattern filesize limit: oilMP_S4_L001_R1_001_fastqc.html
[2021-10-25 18:35:06,767] multiqc                                            [DEBUG  ]  File ignored by longranger/invocation because it exceeded search pattern filesize limit: oilMP_S4_L001_R1_001_fastqc.html
[2021-10-25 18:35:06,767] multiqc                                            [DEBUG  ]  File ignored by rockhopper because it exceeded search pattern filesize limit: oilMP_S4_L001_R1_001_fastqc.html
[2021-10-25 18:35:06,767] multiqc                                            [DEBUG  ]  File ignored by rseqc/bam_stat because it exceeded search pattern filesize limit: oilMP_S4_L001_R1_001_fastqc.html
[2021-10-25 18:35:06,767] multiqc                                            [DEBUG  ]  File ignored by rseqc/junction_annotation because it exceeded search pattern filesize limit: oilMP_S4_L001_R1_001_fastqc.html
[2021-10-25 18:35:06,767] multiqc                                            [DEBUG  ]  File ignored by rseqc/read_distribution because it exceeded search pattern filesize limit: oilMP_S4_L001_R1_001_fastqc.html
[2021-10-25 18:35:06,767] multiqc                                            [DEBUG  ]  File ignored by rseqc/infer_experiment because it exceeded search pattern filesize limit: oilMP_S4_L001_R1_001_fastqc.html
[2021-10-25 18:35:07,260] multiqc.plots.bargraph                             [DEBUG  ]  Using matplotlib version 3.3.3
[2021-10-25 18:35:07,260] multiqc.plots.linegraph                            [DEBUG  ]  Using matplotlib version 3.3.3
[2021-10-25 18:35:07,260] multiqc                                            [DEBUG  ]  No samples found: custom_content
[2021-10-25 18:35:07,263] multiqc                                            [DEBUG  ]  No samples found: conpair
[2021-10-25 18:35:07,264] multiqc                                            [DEBUG  ]  No samples found: peddy
[2021-10-25 18:35:07,266] multiqc                                            [DEBUG  ]  No samples found: somalier
[2021-10-25 18:35:07,268] multiqc                                            [DEBUG  ]  No samples found: methylQA
[2021-10-25 18:35:07,271] multiqc                                            [DEBUG  ]  No samples found: mosdepth
[2021-10-25 18:35:07,272] multiqc                                            [DEBUG  ]  No samples found: phantompeakqualtools
[2021-10-25 18:35:07,274] multiqc                                            [DEBUG  ]  No samples found: qualimap
[2021-10-25 18:35:07,276] multiqc                                            [DEBUG  ]  No samples found: preseq
[2021-10-25 18:35:07,278] multiqc                                            [DEBUG  ]  No samples found: quast
[2021-10-25 18:35:07,280] multiqc                                            [DEBUG  ]  No samples found: qorts
[2021-10-25 18:35:07,282] multiqc                                            [DEBUG  ]  No samples found: rna_seqc
[2021-10-25 18:35:07,284] multiqc                                            [DEBUG  ]  No samples found: rockhopper
[2021-10-25 18:35:07,286] multiqc                                            [DEBUG  ]  No samples found: rsem
[2021-10-25 18:35:07,289] multiqc                                            [DEBUG  ]  No samples found: rseqc
[2021-10-25 18:35:07,291] multiqc                                            [DEBUG  ]  No samples found: busco
[2021-10-25 18:35:07,293] multiqc                                            [DEBUG  ]  No samples found: goleft_indexcov
[2021-10-25 18:35:07,294] multiqc                                            [DEBUG  ]  No samples found: disambiguate
[2021-10-25 18:35:07,296] multiqc                                            [DEBUG  ]  No samples found: supernova
[2021-10-25 18:35:07,299] multiqc                                            [DEBUG  ]  No samples found: deeptools
[2021-10-25 18:35:07,301] multiqc                                            [DEBUG  ]  No samples found: sargasso
[2021-10-25 18:35:07,303] multiqc                                            [DEBUG  ]  No samples found: verifybamid
[2021-10-25 18:35:07,305] multiqc                                            [DEBUG  ]  No samples found: mirtrace
[2021-10-25 18:35:07,307] multiqc                                            [DEBUG  ]  No samples found: happy
[2021-10-25 18:35:07,309] multiqc                                            [DEBUG  ]  No samples found: mirtop
[2021-10-25 18:35:07,311] multiqc                                            [DEBUG  ]  No samples found: homer
[2021-10-25 18:35:07,313] multiqc                                            [DEBUG  ]  No samples found: hops
[2021-10-25 18:35:07,315] multiqc                                            [DEBUG  ]  No samples found: macs2
[2021-10-25 18:35:07,317] multiqc                                            [DEBUG  ]  No samples found: theta2
[2021-10-25 18:35:07,319] multiqc                                            [DEBUG  ]  No samples found: snpeff
[2021-10-25 18:35:07,321] multiqc                                            [DEBUG  ]  No samples found: gatk
[2021-10-25 18:35:07,323] multiqc                                            [DEBUG  ]  No samples found: htseq
[2021-10-25 18:35:07,325] multiqc                                            [DEBUG  ]  No samples found: bcftools
[2021-10-25 18:35:07,327] multiqc                                            [DEBUG  ]  No samples found: featureCounts
[2021-10-25 18:35:07,329] multiqc                                            [DEBUG  ]  No samples found: fgbio
[2021-10-25 18:35:07,332] multiqc                                            [DEBUG  ]  No samples found: dragen
[2021-10-25 18:35:07,334] multiqc                                            [DEBUG  ]  No samples found: dedup
[2021-10-25 18:35:07,336] multiqc                                            [DEBUG  ]  No samples found: damageprofiler
[2021-10-25 18:35:07,340] multiqc                                            [DEBUG  ]  No samples found: biobambam2
[2021-10-25 18:35:07,342] multiqc                                            [DEBUG  ]  No samples found: mtnucratio
[2021-10-25 18:35:07,344] multiqc                                            [DEBUG  ]  No samples found: picard
[2021-10-25 18:35:07,346] multiqc                                            [DEBUG  ]  No samples found: prokka
[2021-10-25 18:35:07,348] multiqc                                            [DEBUG  ]  No samples found: samblaster
[2021-10-25 18:35:07,350] multiqc                                            [DEBUG  ]  No samples found: samtools
[2021-10-25 18:35:07,352] multiqc                                            [DEBUG  ]  No samples found: sexdeterrmine
[2021-10-25 18:35:07,354] multiqc                                            [DEBUG  ]  No samples found: bamtools
[2021-10-25 18:35:07,356] multiqc                                            [DEBUG  ]  No samples found: jellyfish
[2021-10-25 18:35:07,358] multiqc                                            [DEBUG  ]  No samples found: vcftools
[2021-10-25 18:35:07,360] multiqc                                            [DEBUG  ]  No samples found: longranger
[2021-10-25 18:35:07,362] multiqc                                            [DEBUG  ]  No samples found: stacks
[2021-10-25 18:35:07,364] multiqc                                            [DEBUG  ]  No samples found: varscan2
[2021-10-25 18:35:07,367] multiqc                                            [DEBUG  ]  No samples found: bbmap
[2021-10-25 18:35:07,369] multiqc                                            [DEBUG  ]  No samples found: bismark
[2021-10-25 18:35:07,371] multiqc                                            [DEBUG  ]  No samples found: biscuit
[2021-10-25 18:35:07,373] multiqc                                            [DEBUG  ]  No samples found: hicexplorer
[2021-10-25 18:35:07,375] multiqc                                            [DEBUG  ]  No samples found: pairtools
[2021-10-25 18:35:07,377] multiqc                                            [DEBUG  ]  No samples found: hicup
[2021-10-25 18:35:07,379] multiqc                                            [DEBUG  ]  No samples found: hicpro
[2021-10-25 18:35:07,381] multiqc                                            [DEBUG  ]  No samples found: salmon
[2021-10-25 18:35:07,383] multiqc                                            [DEBUG  ]  No samples found: kallisto
[2021-10-25 18:35:07,385] multiqc                                            [DEBUG  ]  No samples found: slamdunk
[2021-10-25 18:35:07,387] multiqc                                            [DEBUG  ]  No samples found: star
[2021-10-25 18:35:07,389] multiqc                                            [DEBUG  ]  No samples found: hisat2
[2021-10-25 18:35:07,391] multiqc                                            [DEBUG  ]  No samples found: tophat
[2021-10-25 18:35:07,393] multiqc                                            [DEBUG  ]  No samples found: bowtie2
[2021-10-25 18:35:07,395] multiqc                                            [DEBUG  ]  No samples found: bowtie1
[2021-10-25 18:35:07,397] multiqc                                            [DEBUG  ]  No samples found: snpsplit
[2021-10-25 18:35:07,399] multiqc                                            [DEBUG  ]  No samples found: kat
[2021-10-25 18:35:07,401] multiqc                                            [DEBUG  ]  No samples found: leehom
[2021-10-25 18:35:07,403] multiqc                                            [DEBUG  ]  No samples found: adapterRemoval
[2021-10-25 18:35:07,404] multiqc                                            [DEBUG  ]  No samples found: clipandmerge
[2021-10-25 18:35:07,406] multiqc                                            [DEBUG  ]  No samples found: cutadapt
[2021-10-25 18:35:07,408] multiqc                                            [DEBUG  ]  No samples found: flexbar
[2021-10-25 18:35:07,410] multiqc                                            [DEBUG  ]  No samples found: kaiju
[2021-10-25 18:35:07,412] multiqc                                            [DEBUG  ]  No samples found: kraken
[2021-10-25 18:35:07,414] multiqc                                            [DEBUG  ]  No samples found: malt
[2021-10-25 18:35:07,416] multiqc                                            [DEBUG  ]  No samples found: trimmomatic
[2021-10-25 18:35:07,418] multiqc                                            [DEBUG  ]  No samples found: sickle
[2021-10-25 18:35:07,420] multiqc                                            [DEBUG  ]  No samples found: skewer
[2021-10-25 18:35:07,422] multiqc                                            [DEBUG  ]  No samples found: sortmerna
[2021-10-25 18:35:07,424] multiqc                                            [DEBUG  ]  No samples found: biobloomtools
[2021-10-25 18:35:07,426] multiqc                                            [DEBUG  ]  No samples found: fastq_screen
[2021-10-25 18:35:07,427] multiqc                                            [DEBUG  ]  No samples found: afterqc
[2021-10-25 18:35:07,429] multiqc                                            [DEBUG  ]  No samples found: fastp
[2021-10-25 18:35:07,466] multiqc.modules.fastqc.fastqc                      [INFO   ]  Found 4 reports
[2021-10-25 18:35:07,509] multiqc                                            [DEBUG  ]  No samples found: pycoqc
[2021-10-25 18:35:07,510] multiqc                                            [DEBUG  ]  No samples found: minionqc
[2021-10-25 18:35:07,512] multiqc                                            [DEBUG  ]  No samples found: multivcfanalyzer
[2021-10-25 18:35:07,514] multiqc                                            [DEBUG  ]  No samples found: clusterflow
[2021-10-25 18:35:07,516] multiqc                                            [DEBUG  ]  No samples found: bcl2fastq
[2021-10-25 18:35:07,518] multiqc                                            [DEBUG  ]  No samples found: interop
[2021-10-25 18:35:07,520] multiqc                                            [DEBUG  ]  No samples found: ivar
[2021-10-25 18:35:07,522] multiqc                                            [DEBUG  ]  No samples found: flash
[2021-10-25 18:35:07,524] multiqc                                            [DEBUG  ]  No samples found: seqyclean
[2021-10-25 18:35:07,528] multiqc                                            [INFO   ]  Compressing plot data
[2021-10-25 18:35:07,564] multiqc                                            [INFO   ]  Report      : multiqc/multiqc_report.html
[2021-10-25 18:35:07,564] multiqc                                            [INFO   ]  Data        : multiqc/multiqc_data
[2021-10-25 18:35:07,565] multiqc                                            [DEBUG  ]  Moving data file from '/tmp/tmpryru89ug/multiqc_data' to 'multiqc/multiqc_data'
[2021-10-25 18:35:07,616] multiqc                                            [INFO   ]  MultiQC complete
