[2021-10-25 19:24:12,973] multiqc                                            [DEBUG  ]  No MultiQC config found: /usr/local/lib/python3.6/dist-packages/multiqc_config.yaml
[2021-10-25 19:24:12,974] multiqc                                            [DEBUG  ]  No MultiQC config found: /home/aazinov/.multiqc_config.yaml
[2021-10-25 19:24:12,974] multiqc                                            [DEBUG  ]  No MultiQC config found: multiqc_config.yaml
[2021-10-25 19:24:12,974] multiqc                                            [DEBUG  ]  Command used: /usr/local/bin/multiqc -o multiqc_trimmed fastqc_trimmed
[2021-10-25 19:24:13,305] multiqc                                            [WARNING]  MultiQC Version v1.11 now available!
[2021-10-25 19:24:13,305] multiqc                                            [INFO   ]  This is MultiQC v1.10.dev0
[2021-10-25 19:24:13,305] multiqc                                            [DEBUG  ]  Command     : /usr/local/bin/multiqc -o multiqc_trimmed fastqc_trimmed
[2021-10-25 19:24:13,305] multiqc                                            [DEBUG  ]  Working dir : /home/aazinov
[2021-10-25 19:24:13,305] multiqc                                            [INFO   ]  Template    : default
[2021-10-25 19:24:13,305] multiqc                                            [DEBUG  ]  Running Python 3.6.9 (default, Jan 26 2021, 15:33:00)  [GCC 8.4.0]
[2021-10-25 19:24:13,305] multiqc                                            [INFO   ]  Searching   : /home/aazinov/fastqc_trimmed
[2021-10-25 19:24:13,306] multiqc                                            [DEBUG  ]  Analysing modules: custom_content, conpair, peddy, somalier, methylQA, mosdepth, phantompeakqualtools, qualimap, preseq, quast, qorts, rna_seqc, rockhopper, rsem, rseqc, busco, goleft_indexcov, disambiguate, supernova, deeptools, sargasso, verifybamid, mirtrace, happy, mirtop, homer, hops, macs2, theta2, snpeff, gatk, htseq, bcftools, featureCounts, fgbio, dragen, dedup, damageprofiler, biobambam2, mtnucratio, picard, prokka, samblaster, samtools, sexdeterrmine, bamtools, jellyfish, vcftools, longranger, stacks, varscan2, bbmap, bismark, biscuit, hicexplorer, pairtools, hicup, hicpro, salmon, kallisto, slamdunk, star, hisat2, tophat, bowtie2, bowtie1, snpsplit, kat, leehom, adapterRemoval, clipandmerge, cutadapt, flexbar, kaiju, kraken, malt, trimmomatic, sickle, skewer, sortmerna, biobloomtools, fastq_screen, afterqc, fastp, fastqc, pycoqc, minionqc, multivcfanalyzer, clusterflow, bcl2fastq, interop, ivar, flash, seqyclean
[2021-10-25 19:24:13,306] multiqc                                            [DEBUG  ]  Using temporary directory for creating report: /tmp/tmp53u8r9dn
[2021-10-25 19:24:13,324] multiqc                                            [DEBUG  ]  File ignored by hicexplorer because it exceeded search pattern filesize limit: oilMP_S4_L001_R1_001.fastq.int_trimmed_fastqc.html
[2021-10-25 19:24:13,325] multiqc                                            [DEBUG  ]  File ignored by longranger/invocation because it exceeded search pattern filesize limit: oilMP_S4_L001_R1_001.fastq.int_trimmed_fastqc.html
[2021-10-25 19:24:13,325] multiqc                                            [DEBUG  ]  File ignored by rockhopper because it exceeded search pattern filesize limit: oilMP_S4_L001_R1_001.fastq.int_trimmed_fastqc.html
[2021-10-25 19:24:13,325] multiqc                                            [DEBUG  ]  File ignored by rseqc/bam_stat because it exceeded search pattern filesize limit: oilMP_S4_L001_R1_001.fastq.int_trimmed_fastqc.html
[2021-10-25 19:24:13,325] multiqc                                            [DEBUG  ]  File ignored by rseqc/junction_annotation because it exceeded search pattern filesize limit: oilMP_S4_L001_R1_001.fastq.int_trimmed_fastqc.html
[2021-10-25 19:24:13,325] multiqc                                            [DEBUG  ]  File ignored by rseqc/read_distribution because it exceeded search pattern filesize limit: oilMP_S4_L001_R1_001.fastq.int_trimmed_fastqc.html
[2021-10-25 19:24:13,325] multiqc                                            [DEBUG  ]  File ignored by rseqc/infer_experiment because it exceeded search pattern filesize limit: oilMP_S4_L001_R1_001.fastq.int_trimmed_fastqc.html
[2021-10-25 19:24:13,387] multiqc                                            [DEBUG  ]  File ignored by hicexplorer because it exceeded search pattern filesize limit: oilMP_S4_L001_R2_001.fastq.int_trimmed_fastqc.html
[2021-10-25 19:24:13,387] multiqc                                            [DEBUG  ]  File ignored by longranger/invocation because it exceeded search pattern filesize limit: oilMP_S4_L001_R2_001.fastq.int_trimmed_fastqc.html
[2021-10-25 19:24:13,387] multiqc                                            [DEBUG  ]  File ignored by rockhopper because it exceeded search pattern filesize limit: oilMP_S4_L001_R2_001.fastq.int_trimmed_fastqc.html
[2021-10-25 19:24:13,387] multiqc                                            [DEBUG  ]  File ignored by rseqc/bam_stat because it exceeded search pattern filesize limit: oilMP_S4_L001_R2_001.fastq.int_trimmed_fastqc.html
[2021-10-25 19:24:13,388] multiqc                                            [DEBUG  ]  File ignored by rseqc/junction_annotation because it exceeded search pattern filesize limit: oilMP_S4_L001_R2_001.fastq.int_trimmed_fastqc.html
[2021-10-25 19:24:13,388] multiqc                                            [DEBUG  ]  File ignored by rseqc/read_distribution because it exceeded search pattern filesize limit: oilMP_S4_L001_R2_001.fastq.int_trimmed_fastqc.html
[2021-10-25 19:24:13,388] multiqc                                            [DEBUG  ]  File ignored by rseqc/infer_experiment because it exceeded search pattern filesize limit: oilMP_S4_L001_R2_001.fastq.int_trimmed_fastqc.html
[2021-10-25 19:24:13,444] multiqc                                            [DEBUG  ]  File ignored by hicexplorer because it exceeded search pattern filesize limit: oil_R1.fastq.trimmed_fastqc.html
[2021-10-25 19:24:13,445] multiqc                                            [DEBUG  ]  File ignored by longranger/invocation because it exceeded search pattern filesize limit: oil_R1.fastq.trimmed_fastqc.html
[2021-10-25 19:24:13,445] multiqc                                            [DEBUG  ]  File ignored by rockhopper because it exceeded search pattern filesize limit: oil_R1.fastq.trimmed_fastqc.html
[2021-10-25 19:24:13,445] multiqc                                            [DEBUG  ]  File ignored by rseqc/bam_stat because it exceeded search pattern filesize limit: oil_R1.fastq.trimmed_fastqc.html
[2021-10-25 19:24:13,445] multiqc                                            [DEBUG  ]  File ignored by rseqc/junction_annotation because it exceeded search pattern filesize limit: oil_R1.fastq.trimmed_fastqc.html
[2021-10-25 19:24:13,445] multiqc                                            [DEBUG  ]  File ignored by rseqc/read_distribution because it exceeded search pattern filesize limit: oil_R1.fastq.trimmed_fastqc.html
[2021-10-25 19:24:13,445] multiqc                                            [DEBUG  ]  File ignored by rseqc/infer_experiment because it exceeded search pattern filesize limit: oil_R1.fastq.trimmed_fastqc.html
[2021-10-25 19:24:13,484] multiqc                                            [DEBUG  ]  File ignored by hicexplorer because it exceeded search pattern filesize limit: oil_R2.fastq.trimmed_fastqc.html
[2021-10-25 19:24:13,485] multiqc                                            [DEBUG  ]  File ignored by longranger/invocation because it exceeded search pattern filesize limit: oil_R2.fastq.trimmed_fastqc.html
[2021-10-25 19:24:13,485] multiqc                                            [DEBUG  ]  File ignored by rockhopper because it exceeded search pattern filesize limit: oil_R2.fastq.trimmed_fastqc.html
[2021-10-25 19:24:13,485] multiqc                                            [DEBUG  ]  File ignored by rseqc/bam_stat because it exceeded search pattern filesize limit: oil_R2.fastq.trimmed_fastqc.html
[2021-10-25 19:24:13,485] multiqc                                            [DEBUG  ]  File ignored by rseqc/junction_annotation because it exceeded search pattern filesize limit: oil_R2.fastq.trimmed_fastqc.html
[2021-10-25 19:24:13,485] multiqc                                            [DEBUG  ]  File ignored by rseqc/read_distribution because it exceeded search pattern filesize limit: oil_R2.fastq.trimmed_fastqc.html
[2021-10-25 19:24:13,485] multiqc                                            [DEBUG  ]  File ignored by rseqc/infer_experiment because it exceeded search pattern filesize limit: oil_R2.fastq.trimmed_fastqc.html
[2021-10-25 19:24:13,653] multiqc.plots.bargraph                             [DEBUG  ]  Using matplotlib version 3.3.3
[2021-10-25 19:24:13,654] multiqc.plots.linegraph                            [DEBUG  ]  Using matplotlib version 3.3.3
[2021-10-25 19:24:13,654] multiqc                                            [DEBUG  ]  No samples found: custom_content
[2021-10-25 19:24:13,656] multiqc                                            [DEBUG  ]  No samples found: conpair
[2021-10-25 19:24:13,658] multiqc                                            [DEBUG  ]  No samples found: peddy
[2021-10-25 19:24:13,660] multiqc                                            [DEBUG  ]  No samples found: somalier
[2021-10-25 19:24:13,662] multiqc                                            [DEBUG  ]  No samples found: methylQA
[2021-10-25 19:24:13,664] multiqc                                            [DEBUG  ]  No samples found: mosdepth
[2021-10-25 19:24:13,666] multiqc                                            [DEBUG  ]  No samples found: phantompeakqualtools
[2021-10-25 19:24:13,668] multiqc                                            [DEBUG  ]  No samples found: qualimap
[2021-10-25 19:24:13,670] multiqc                                            [DEBUG  ]  No samples found: preseq
[2021-10-25 19:24:13,671] multiqc                                            [DEBUG  ]  No samples found: quast
[2021-10-25 19:24:13,673] multiqc                                            [DEBUG  ]  No samples found: qorts
[2021-10-25 19:24:13,675] multiqc                                            [DEBUG  ]  No samples found: rna_seqc
[2021-10-25 19:24:13,677] multiqc                                            [DEBUG  ]  No samples found: rockhopper
[2021-10-25 19:24:13,679] multiqc                                            [DEBUG  ]  No samples found: rsem
[2021-10-25 19:24:13,682] multiqc                                            [DEBUG  ]  No samples found: rseqc
[2021-10-25 19:24:13,684] multiqc                                            [DEBUG  ]  No samples found: busco
[2021-10-25 19:24:13,686] multiqc                                            [DEBUG  ]  No samples found: goleft_indexcov
[2021-10-25 19:24:13,687] multiqc                                            [DEBUG  ]  No samples found: disambiguate
[2021-10-25 19:24:13,689] multiqc                                            [DEBUG  ]  No samples found: supernova
[2021-10-25 19:24:13,692] multiqc                                            [DEBUG  ]  No samples found: deeptools
[2021-10-25 19:24:13,694] multiqc                                            [DEBUG  ]  No samples found: sargasso
[2021-10-25 19:24:13,696] multiqc                                            [DEBUG  ]  No samples found: verifybamid
[2021-10-25 19:24:13,698] multiqc                                            [DEBUG  ]  No samples found: mirtrace
[2021-10-25 19:24:13,700] multiqc                                            [DEBUG  ]  No samples found: happy
[2021-10-25 19:24:13,702] multiqc                                            [DEBUG  ]  No samples found: mirtop
[2021-10-25 19:24:13,704] multiqc                                            [DEBUG  ]  No samples found: homer
[2021-10-25 19:24:13,706] multiqc                                            [DEBUG  ]  No samples found: hops
[2021-10-25 19:24:13,708] multiqc                                            [DEBUG  ]  No samples found: macs2
[2021-10-25 19:24:13,710] multiqc                                            [DEBUG  ]  No samples found: theta2
[2021-10-25 19:24:13,712] multiqc                                            [DEBUG  ]  No samples found: snpeff
[2021-10-25 19:24:13,714] multiqc                                            [DEBUG  ]  No samples found: gatk
[2021-10-25 19:24:13,716] multiqc                                            [DEBUG  ]  No samples found: htseq
[2021-10-25 19:24:13,718] multiqc                                            [DEBUG  ]  No samples found: bcftools
[2021-10-25 19:24:13,720] multiqc                                            [DEBUG  ]  No samples found: featureCounts
[2021-10-25 19:24:13,722] multiqc                                            [DEBUG  ]  No samples found: fgbio
[2021-10-25 19:24:13,725] multiqc                                            [DEBUG  ]  No samples found: dragen
[2021-10-25 19:24:13,727] multiqc                                            [DEBUG  ]  No samples found: dedup
[2021-10-25 19:24:13,729] multiqc                                            [DEBUG  ]  No samples found: damageprofiler
[2021-10-25 19:24:13,733] multiqc                                            [DEBUG  ]  No samples found: biobambam2
[2021-10-25 19:24:13,735] multiqc                                            [DEBUG  ]  No samples found: mtnucratio
[2021-10-25 19:24:13,736] multiqc                                            [DEBUG  ]  No samples found: picard
[2021-10-25 19:24:13,738] multiqc                                            [DEBUG  ]  No samples found: prokka
[2021-10-25 19:24:13,740] multiqc                                            [DEBUG  ]  No samples found: samblaster
[2021-10-25 19:24:13,742] multiqc                                            [DEBUG  ]  No samples found: samtools
[2021-10-25 19:24:13,744] multiqc                                            [DEBUG  ]  No samples found: sexdeterrmine
[2021-10-25 19:24:13,746] multiqc                                            [DEBUG  ]  No samples found: bamtools
[2021-10-25 19:24:13,748] multiqc                                            [DEBUG  ]  No samples found: jellyfish
[2021-10-25 19:24:13,750] multiqc                                            [DEBUG  ]  No samples found: vcftools
[2021-10-25 19:24:13,752] multiqc                                            [DEBUG  ]  No samples found: longranger
[2021-10-25 19:24:13,754] multiqc                                            [DEBUG  ]  No samples found: stacks
[2021-10-25 19:24:13,756] multiqc                                            [DEBUG  ]  No samples found: varscan2
[2021-10-25 19:24:13,759] multiqc                                            [DEBUG  ]  No samples found: bbmap
[2021-10-25 19:24:13,761] multiqc                                            [DEBUG  ]  No samples found: bismark
[2021-10-25 19:24:13,763] multiqc                                            [DEBUG  ]  No samples found: biscuit
[2021-10-25 19:24:13,765] multiqc                                            [DEBUG  ]  No samples found: hicexplorer
[2021-10-25 19:24:13,767] multiqc                                            [DEBUG  ]  No samples found: pairtools
[2021-10-25 19:24:13,769] multiqc                                            [DEBUG  ]  No samples found: hicup
[2021-10-25 19:24:13,771] multiqc                                            [DEBUG  ]  No samples found: hicpro
[2021-10-25 19:24:13,773] multiqc                                            [DEBUG  ]  No samples found: salmon
[2021-10-25 19:24:13,775] multiqc                                            [DEBUG  ]  No samples found: kallisto
[2021-10-25 19:24:13,776] multiqc                                            [DEBUG  ]  No samples found: slamdunk
[2021-10-25 19:24:13,778] multiqc                                            [DEBUG  ]  No samples found: star
[2021-10-25 19:24:13,780] multiqc                                            [DEBUG  ]  No samples found: hisat2
[2021-10-25 19:24:13,782] multiqc                                            [DEBUG  ]  No samples found: tophat
[2021-10-25 19:24:13,784] multiqc                                            [DEBUG  ]  No samples found: bowtie2
[2021-10-25 19:24:13,786] multiqc                                            [DEBUG  ]  No samples found: bowtie1
[2021-10-25 19:24:13,788] multiqc                                            [DEBUG  ]  No samples found: snpsplit
[2021-10-25 19:24:13,790] multiqc                                            [DEBUG  ]  No samples found: kat
[2021-10-25 19:24:13,792] multiqc                                            [DEBUG  ]  No samples found: leehom
[2021-10-25 19:24:13,794] multiqc                                            [DEBUG  ]  No samples found: adapterRemoval
[2021-10-25 19:24:13,795] multiqc                                            [DEBUG  ]  No samples found: clipandmerge
[2021-10-25 19:24:13,797] multiqc                                            [DEBUG  ]  No samples found: cutadapt
[2021-10-25 19:24:13,799] multiqc                                            [DEBUG  ]  No samples found: flexbar
[2021-10-25 19:24:13,801] multiqc                                            [DEBUG  ]  No samples found: kaiju
[2021-10-25 19:24:13,803] multiqc                                            [DEBUG  ]  No samples found: kraken
[2021-10-25 19:24:13,805] multiqc                                            [DEBUG  ]  No samples found: malt
[2021-10-25 19:24:13,807] multiqc                                            [DEBUG  ]  No samples found: trimmomatic
[2021-10-25 19:24:13,809] multiqc                                            [DEBUG  ]  No samples found: sickle
[2021-10-25 19:24:13,810] multiqc                                            [DEBUG  ]  No samples found: skewer
[2021-10-25 19:24:13,812] multiqc                                            [DEBUG  ]  No samples found: sortmerna
[2021-10-25 19:24:13,814] multiqc                                            [DEBUG  ]  No samples found: biobloomtools
[2021-10-25 19:24:13,816] multiqc                                            [DEBUG  ]  No samples found: fastq_screen
[2021-10-25 19:24:13,818] multiqc                                            [DEBUG  ]  No samples found: afterqc
[2021-10-25 19:24:13,820] multiqc                                            [DEBUG  ]  No samples found: fastp
[2021-10-25 19:24:13,842] multiqc.modules.fastqc.fastqc                      [INFO   ]  Found 4 reports
[2021-10-25 19:24:13,884] multiqc                                            [DEBUG  ]  No samples found: pycoqc
[2021-10-25 19:24:13,886] multiqc                                            [DEBUG  ]  No samples found: minionqc
[2021-10-25 19:24:13,888] multiqc                                            [DEBUG  ]  No samples found: multivcfanalyzer
[2021-10-25 19:24:13,890] multiqc                                            [DEBUG  ]  No samples found: clusterflow
[2021-10-25 19:24:13,891] multiqc                                            [DEBUG  ]  No samples found: bcl2fastq
[2021-10-25 19:24:13,893] multiqc                                            [DEBUG  ]  No samples found: interop
[2021-10-25 19:24:13,895] multiqc                                            [DEBUG  ]  No samples found: ivar
[2021-10-25 19:24:13,897] multiqc                                            [DEBUG  ]  No samples found: flash
[2021-10-25 19:24:13,899] multiqc                                            [DEBUG  ]  No samples found: seqyclean
[2021-10-25 19:24:13,903] multiqc                                            [INFO   ]  Compressing plot data
[2021-10-25 19:24:13,944] multiqc                                            [INFO   ]  Report      : multiqc_trimmed/multiqc_report.html
[2021-10-25 19:24:13,944] multiqc                                            [INFO   ]  Data        : multiqc_trimmed/multiqc_data
[2021-10-25 19:24:13,944] multiqc                                            [DEBUG  ]  Moving data file from '/tmp/tmp53u8r9dn/multiqc_data' to 'multiqc_trimmed/multiqc_data'
[2021-10-25 19:24:13,995] multiqc                                            [INFO   ]  MultiQC complete
